<component name="libraryTable">
  <library name="junit-platform-console-standalone-1.5.2">
    <CLASSES>
      <root url="jar://$APPLICATION_HOME_DIR$/lib/junit-platform-console-standalone-1.5.2.jar!/" />
    </CLASSES>
    <JAVADOC />
    <SOURCES />
  </library>
</component>